{"/home/wappnet-16/wappnet-project/userModule/swagger.js": {"path":"/home/wappnet-16/wappnet-project/userModule/swagger.js","statementMap":{"0":{"start":{"line":1,"column":0},"end":{"line":172,"column":1}}},"fnMap":{},"branchMap":{},"s":{"0":2},"f":{},"b":{},"inputSourceMap":null,"_coverageSchema":"1a1c01bbd47fc00a2c39e90264f33305004495a9","hash":"cfd3a57b164b8c9f9e6ff4b4869246b71dc030be"}
,"/home/wappnet-16/wappnet-project/userModule/src/index.ts": {"path":"/home/wappnet-16/wappnet-project/userModule/src/index.ts","statementMap":{"0":{"start":{"line":1,"column":0},"end":{"line":1,"column":26}},"1":{"start":{"line":3,"column":0},"end":{"line":3,"column":35}},"2":{"start":{"line":4,"column":0},"end":{"line":4,"column":33}},"3":{"start":{"line":5,"column":18},"end":{"line":5,"column":47}},"4":{"start":{"line":5,"column":67},"end":{"line":5,"column":88}},"5":{"start":{"line":6,"column":0},"end":{"line":6,"column":30}},"6":{"start":{"line":8,"column":13},"end":{"line":8,"column":37}},"7":{"start":{"line":10,"column":25},"end":{"line":10,"column":34}},"8":{"start":{"line":12,"column":0},"end":{"line":12,"column":24}},"9":{"start":{"line":13,"column":0},"end":{"line":13,"column":24}},"10":{"start":{"line":14,"column":0},"end":{"line":14,"column":34}},"11":{"start":{"line":15,"column":0},"end":{"line":15,"column":16}},"12":{"start":{"line":17,"column":0},"end":{"line":17,"column":72}},"13":{"start":{"line":19,"column":12},"end":{"line":21,"column":2}},"14":{"start":{"line":20,"column":4},"end":{"line":20,"column":51}},"15":{"start":{"line":23,"column":0},"end":{"line":23,"column":null}}},"fnMap":{"0":{"name":"(anonymous_0)","decl":{"start":{"line":19,"column":29},"end":{"line":19,"column":null}},"loc":{"start":{"line":19,"column":29},"end":{"line":21,"column":1}}}},"branchMap":{"0":{"loc":{"start":{"line":8,"column":13},"end":{"line":8,"column":37}},"type":"binary-expr","locations":[{"start":{"line":8,"column":13},"end":{"line":8,"column":29}},{"start":{"line":8,"column":33},"end":{"line":8,"column":37}}]}},"s":{"0":2,"1":2,"2":2,"3":2,"4":2,"5":2,"6":2,"7":2,"8":2,"9":2,"10":2,"11":2,"12":2,"13":2,"14":2,"15":2},"f":{"0":2},"b":{"0":[2,2]}}
,"/home/wappnet-16/wappnet-project/userModule/src/controllers/userController.ts": {"path":"/home/wappnet-16/wappnet-project/userModule/src/controllers/userController.ts","statementMap":{"0":{"start":{"line":1,"column":0},"end":{"line":1,"column":38}},"1":{"start":{"line":2,"column":0},"end":{"line":2,"column":43}},"2":{"start":{"line":4,"column":0},"end":{"line":4,"column":null}},"3":{"start":{"line":5,"column":17},"end":{"line":20,"column":null}},"4":{"start":{"line":6,"column":14},"end":{"line":6,"column":39}},"5":{"start":{"line":7,"column":8},"end":{"line":19,"column":46}},"6":{"start":{"line":7,"column":48},"end":{"line":19,"column":10}},"7":{"start":{"line":8,"column":16},"end":{"line":8,"column":34}},"8":{"start":{"line":9,"column":12},"end":{"line":9,"column":53}},"9":{"start":{"line":10,"column":12},"end":{"line":10,"column":51}},"10":{"start":{"line":11,"column":12},"end":{"line":11,"column":45}},"11":{"start":{"line":12,"column":12},"end":{"line":12,"column":57}},"12":{"start":{"line":13,"column":16},"end":{"line":13,"column":64}},"13":{"start":{"line":14,"column":12},"end":{"line":18,"column":15}},"14":{"start":{"line":15,"column":16},"end":{"line":17,"column":null}},"15":{"start":{"line":16,"column":20},"end":{"line":16,"column":null}},"16":{"start":{"line":19,"column":26},"end":{"line":19,"column":45}},"17":{"start":{"line":21,"column":17},"end":{"line":42,"column":null}},"18":{"start":{"line":22,"column":14},"end":{"line":22,"column":40}},"19":{"start":{"line":23,"column":12},"end":{"line":23,"column":23}},"20":{"start":{"line":24,"column":8},"end":{"line":41,"column":46}},"21":{"start":{"line":24,"column":48},"end":{"line":41,"column":10}},"22":{"start":{"line":25,"column":12},"end":{"line":30,"column":null}},"23":{"start":{"line":26,"column":16},"end":{"line":29,"column":null}},"24":{"start":{"line":32,"column":12},"end":{"line":37,"column":null}},"25":{"start":{"line":33,"column":16},"end":{"line":36,"column":null}},"26":{"start":{"line":38,"column":16},"end":{"line":38,"column":64}},"27":{"start":{"line":39,"column":27},"end":{"line":39,"column":null}},"28":{"start":{"line":39,"column":16},"end":{"line":39,"column":null}},"29":{"start":{"line":40,"column":12},"end":{"line":40,"column":38}},"30":{"start":{"line":41,"column":26},"end":{"line":41,"column":45}},"31":{"start":{"line":43,"column":17},"end":{"line":61,"column":null}},"32":{"start":{"line":44,"column":14},"end":{"line":44,"column":40}},"33":{"start":{"line":45,"column":8},"end":{"line":60,"column":46}},"34":{"start":{"line":45,"column":48},"end":{"line":60,"column":10}},"35":{"start":{"line":46,"column":16},"end":{"line":46,"column":64}},"36":{"start":{"line":48,"column":32},"end":{"line":48,"column":null}},"37":{"start":{"line":48,"column":16},"end":{"line":48,"column":null}},"38":{"start":{"line":49,"column":12},"end":{"line":49,"column":62}},"39":{"start":{"line":50,"column":12},"end":{"line":50,"column":60}},"40":{"start":{"line":51,"column":12},"end":{"line":51,"column":54}},"41":{"start":{"line":52,"column":12},"end":{"line":52,"column":66}},"42":{"start":{"line":54,"column":12},"end":{"line":58,"column":15}},"43":{"start":{"line":55,"column":16},"end":{"line":57,"column":null}},"44":{"start":{"line":56,"column":20},"end":{"line":56,"column":null}},"45":{"start":{"line":60,"column":26},"end":{"line":60,"column":45}},"46":{"start":{"line":62,"column":17},"end":{"line":88,"column":null}},"47":{"start":{"line":63,"column":14},"end":{"line":63,"column":40}},"48":{"start":{"line":64,"column":12},"end":{"line":64,"column":23}},"49":{"start":{"line":65,"column":8},"end":{"line":87,"column":46}},"50":{"start":{"line":65,"column":48},"end":{"line":87,"column":10}},"51":{"start":{"line":66,"column":12},"end":{"line":71,"column":null}},"52":{"start":{"line":67,"column":16},"end":{"line":70,"column":null}},"53":{"start":{"line":73,"column":12},"end":{"line":78,"column":null}},"54":{"start":{"line":74,"column":16},"end":{"line":77,"column":null}},"55":{"start":{"line":80,"column":16},"end":{"line":80,"column":64}},"56":{"start":{"line":81,"column":31},"end":{"line":81,"column":null}},"57":{"start":{"line":81,"column":16},"end":{"line":81,"column":null}},"58":{"start":{"line":82,"column":30},"end":{"line":82,"column":null}},"59":{"start":{"line":82,"column":16},"end":{"line":82,"column":null}},"60":{"start":{"line":83,"column":12},"end":{"line":85,"column":null}},"61":{"start":{"line":84,"column":16},"end":{"line":84,"column":null}},"62":{"start":{"line":87,"column":26},"end":{"line":87,"column":45}},"63":{"start":{"line":89,"column":0},"end":{"line":89,"column":null}}},"fnMap":{"0":{"name":"(anonymous_14)","decl":{"start":{"line":4,"column":0},"end":{"line":4,"column":null}},"loc":{"start":{"line":4,"column":0},"end":{"line":89,"column":null}}},"1":{"name":"(anonymous_16)","decl":{"start":{"line":5,"column":4},"end":{"line":5,"column":17}},"loc":{"start":{"line":5,"column":36},"end":{"line":20,"column":null}}},"2":{"name":"(anonymous_19)","decl":{"start":{"line":7,"column":32},"end":{"line":7,"column":38}},"loc":{"start":{"line":7,"column":48},"end":{"line":19,"column":10}}},"3":{"name":"(anonymous_20)","decl":{"start":{"line":7,"column":48},"end":{"line":7,"column":null}},"loc":{"start":{"line":7,"column":48},"end":{"line":19,"column":10}}},"4":{"name":"(anonymous_22)","decl":{"start":{"line":14,"column":49},"end":{"line":14,"column":53}},"loc":{"start":{"line":14,"column":53},"end":{"line":18,"column":13}}},"5":{"name":"(anonymous_23)","decl":{"start":{"line":19,"column":17},"end":{"line":19,"column":22}},"loc":{"start":{"line":19,"column":22},"end":{"line":19,"column":33}}},"6":{"name":"(anonymous_24)","decl":{"start":{"line":21,"column":4},"end":{"line":21,"column":17}},"loc":{"start":{"line":21,"column":34},"end":{"line":42,"column":null}}},"7":{"name":"(anonymous_27)","decl":{"start":{"line":24,"column":32},"end":{"line":24,"column":38}},"loc":{"start":{"line":24,"column":48},"end":{"line":41,"column":10}}},"8":{"name":"(anonymous_28)","decl":{"start":{"line":24,"column":48},"end":{"line":24,"column":null}},"loc":{"start":{"line":24,"column":48},"end":{"line":41,"column":10}}},"9":{"name":"(anonymous_30)","decl":{"start":{"line":41,"column":17},"end":{"line":41,"column":22}},"loc":{"start":{"line":41,"column":22},"end":{"line":41,"column":33}}},"10":{"name":"(anonymous_31)","decl":{"start":{"line":43,"column":4},"end":{"line":43,"column":17}},"loc":{"start":{"line":43,"column":36},"end":{"line":61,"column":null}}},"11":{"name":"(anonymous_34)","decl":{"start":{"line":45,"column":32},"end":{"line":45,"column":38}},"loc":{"start":{"line":45,"column":48},"end":{"line":60,"column":10}}},"12":{"name":"(anonymous_35)","decl":{"start":{"line":45,"column":48},"end":{"line":45,"column":null}},"loc":{"start":{"line":45,"column":48},"end":{"line":60,"column":10}}},"13":{"name":"(anonymous_37)","decl":{"start":{"line":54,"column":58},"end":{"line":54,"column":62}},"loc":{"start":{"line":54,"column":62},"end":{"line":58,"column":13}}},"14":{"name":"(anonymous_38)","decl":{"start":{"line":60,"column":17},"end":{"line":60,"column":22}},"loc":{"start":{"line":60,"column":22},"end":{"line":60,"column":33}}},"15":{"name":"(anonymous_39)","decl":{"start":{"line":62,"column":4},"end":{"line":62,"column":17}},"loc":{"start":{"line":62,"column":36},"end":{"line":88,"column":null}}},"16":{"name":"(anonymous_42)","decl":{"start":{"line":65,"column":32},"end":{"line":65,"column":38}},"loc":{"start":{"line":65,"column":48},"end":{"line":87,"column":10}}},"17":{"name":"(anonymous_43)","decl":{"start":{"line":65,"column":48},"end":{"line":65,"column":null}},"loc":{"start":{"line":65,"column":48},"end":{"line":87,"column":10}}},"18":{"name":"(anonymous_45)","decl":{"start":{"line":87,"column":17},"end":{"line":87,"column":22}},"loc":{"start":{"line":87,"column":22},"end":{"line":87,"column":33}}}},"branchMap":{"0":{"loc":{"start":{"line":15,"column":16},"end":{"line":17,"column":null}},"type":"if","locations":[{"start":{"line":15,"column":16},"end":{"line":17,"column":null}}]},"1":{"loc":{"start":{"line":25,"column":12},"end":{"line":30,"column":null}},"type":"if","locations":[{"start":{"line":25,"column":12},"end":{"line":30,"column":null}}]},"2":{"loc":{"start":{"line":25,"column":16},"end":{"line":25,"column":67}},"type":"binary-expr","locations":[{"start":{"line":25,"column":16},"end":{"line":25,"column":36}},{"start":{"line":25,"column":40},"end":{"line":25,"column":67}}]},"3":{"loc":{"start":{"line":32,"column":12},"end":{"line":37,"column":null}},"type":"if","locations":[{"start":{"line":32,"column":12},"end":{"line":37,"column":null}}]},"4":{"loc":{"start":{"line":32,"column":16},"end":{"line":32,"column":77}},"type":"binary-expr","locations":[{"start":{"line":32,"column":16},"end":{"line":32,"column":41}},{"start":{"line":32,"column":45},"end":{"line":32,"column":77}}]},"5":{"loc":{"start":{"line":55,"column":16},"end":{"line":57,"column":null}},"type":"if","locations":[{"start":{"line":55,"column":16},"end":{"line":57,"column":null}}]},"6":{"loc":{"start":{"line":66,"column":12},"end":{"line":71,"column":null}},"type":"if","locations":[{"start":{"line":66,"column":12},"end":{"line":71,"column":null}}]},"7":{"loc":{"start":{"line":66,"column":16},"end":{"line":66,"column":67}},"type":"binary-expr","locations":[{"start":{"line":66,"column":16},"end":{"line":66,"column":36}},{"start":{"line":66,"column":40},"end":{"line":66,"column":67}}]},"8":{"loc":{"start":{"line":73,"column":12},"end":{"line":78,"column":null}},"type":"if","locations":[{"start":{"line":73,"column":12},"end":{"line":78,"column":null}}]},"9":{"loc":{"start":{"line":73,"column":16},"end":{"line":73,"column":77}},"type":"binary-expr","locations":[{"start":{"line":73,"column":16},"end":{"line":73,"column":41}},{"start":{"line":73,"column":45},"end":{"line":73,"column":77}}]},"10":{"loc":{"start":{"line":83,"column":12},"end":{"line":85,"column":null}},"type":"if","locations":[{"start":{"line":83,"column":12},"end":{"line":85,"column":null}}]}},"s":{"0":2,"1":2,"2":2,"3":2,"4":0,"5":0,"6":0,"7":0,"8":0,"9":0,"10":0,"11":0,"12":0,"13":0,"14":0,"15":0,"16":0,"17":2,"18":2,"19":2,"20":2,"21":2,"22":2,"23":0,"24":2,"25":0,"26":2,"27":2,"28":2,"29":2,"30":0,"31":2,"32":0,"33":0,"34":0,"35":0,"36":0,"37":0,"38":0,"39":0,"40":0,"41":0,"42":0,"43":0,"44":0,"45":0,"46":2,"47":0,"48":0,"49":0,"50":0,"51":0,"52":0,"53":0,"54":0,"55":0,"56":0,"57":0,"58":0,"59":0,"60":0,"61":0,"62":0,"63":2},"f":{"0":4,"1":0,"2":0,"3":0,"4":0,"5":0,"6":2,"7":2,"8":2,"9":0,"10":0,"11":0,"12":0,"13":0,"14":0,"15":0,"16":0,"17":0,"18":0},"b":{"0":[0],"1":[0],"2":[2,0],"3":[0],"4":[2,0],"5":[0],"6":[0],"7":[0,0],"8":[0],"9":[0,0],"10":[0]}}
,"/home/wappnet-16/wappnet-project/userModule/src/entity/User.ts": {"path":"/home/wappnet-16/wappnet-project/userModule/src/entity/User.ts","statementMap":{"0":{"start":{"line":1,"column":0},"end":{"line":1,"column":63}},"1":{"start":{"line":4,"column":0},"end":{"line":4,"column":13}},"2":{"start":{"line":7,"column":4},"end":{"line":7,"column":null}},"3":{"start":{"line":10,"column":4},"end":{"line":10,"column":null}},"4":{"start":{"line":13,"column":4},"end":{"line":13,"column":null}},"5":{"start":{"line":16,"column":4},"end":{"line":16,"column":null}},"6":{"start":{"line":19,"column":4},"end":{"line":19,"column":null}},"7":{"start":{"line":4,"column":13},"end":{"line":21,"column":null}},"8":{"start":{"line":21,"column":0},"end":{"line":21,"column":null}},"9":{"start":{"line":4,"column":13},"end":{"line":4,"column":17}}},"fnMap":{"0":{"name":"(anonymous_2)","decl":{"start":{"line":4,"column":0},"end":{"line":4,"column":13}},"loc":{"start":{"line":4,"column":0},"end":{"line":4,"column":13}}}},"branchMap":{},"s":{"0":2,"1":2,"2":2,"3":2,"4":2,"5":2,"6":2,"7":2,"8":2,"9":2},"f":{"0":4},"b":{}}
,"/home/wappnet-16/wappnet-project/userModule/src/migration/1642578299397-User.ts": {"path":"/home/wappnet-16/wappnet-project/userModule/src/migration/1642578299397-User.ts","statementMap":{"0":{"start":{"line":3,"column":0},"end":{"line":3,"column":31}},"1":{"start":{"line":4,"column":0},"end":{"line":4,"column":13}},"2":{"start":{"line":6,"column":17},"end":{"line":38,"column":null}},"3":{"start":{"line":7,"column":8},"end":{"line":37,"column":null}},"4":{"start":{"line":40,"column":17},"end":{"line":41,"column":null}},"5":{"start":{"line":43,"column":0},"end":{"line":43,"column":null}},"6":{"start":{"line":4,"column":13},"end":{"line":4,"column":30}}},"fnMap":{"0":{"name":"(anonymous_12)","decl":{"start":{"line":4,"column":0},"end":{"line":4,"column":13}},"loc":{"start":{"line":4,"column":0},"end":{"line":43,"column":null}}},"1":{"name":"(anonymous_14)","decl":{"start":{"line":6,"column":4},"end":{"line":6,"column":17}},"loc":{"start":{"line":6,"column":44},"end":{"line":38,"column":null}}},"2":{"name":"(anonymous_17)","decl":{"start":{"line":40,"column":4},"end":{"line":40,"column":17}},"loc":{"start":{"line":40,"column":46},"end":{"line":41,"column":null}}}},"branchMap":{"0":{"loc":{"start":{"line":7,"column":8},"end":{"line":37,"column":null}},"type":"switch","locations":[{"start":{"line":7,"column":8},"end":{"line":37,"column":null}}]}},"s":{"0":2,"1":2,"2":2,"3":0,"4":2,"5":2,"6":2},"f":{"0":4,"1":0,"2":0},"b":{"0":[0]}}
,"/home/wappnet-16/wappnet-project/userModule/src/routes/index.ts": {"path":"/home/wappnet-16/wappnet-project/userModule/src/routes/index.ts","statementMap":{"0":{"start":{"line":2,"column":0},"end":{"line":2,"column":59}},"1":{"start":{"line":4,"column":0},"end":{"line":4,"column":35}},"2":{"start":{"line":9,"column":15},"end":{"line":9,"column":31}},"3":{"start":{"line":11,"column":0},"end":{"line":15,"column":3}},"4":{"start":{"line":11,"column":56},"end":{"line":15,"column":2}},"5":{"start":{"line":13,"column":8},"end":{"line":13,"column":42}},"6":{"start":{"line":14,"column":2},"end":{"line":14,"column":40}},"7":{"start":{"line":17,"column":0},"end":{"line":21,"column":3}},"8":{"start":{"line":17,"column":55},"end":{"line":21,"column":2}},"9":{"start":{"line":19,"column":8},"end":{"line":19,"column":42}},"10":{"start":{"line":20,"column":2},"end":{"line":20,"column":38}},"11":{"start":{"line":23,"column":0},"end":{"line":27,"column":3}},"12":{"start":{"line":23,"column":57},"end":{"line":27,"column":2}},"13":{"start":{"line":25,"column":8},"end":{"line":25,"column":42}},"14":{"start":{"line":26,"column":2},"end":{"line":26,"column":40}},"15":{"start":{"line":29,"column":0},"end":{"line":33,"column":3}},"16":{"start":{"line":29,"column":58},"end":{"line":33,"column":2}},"17":{"start":{"line":31,"column":8},"end":{"line":31,"column":42}},"18":{"start":{"line":32,"column":2},"end":{"line":32,"column":40}},"19":{"start":{"line":35,"column":0},"end":{"line":35,"column":22}}},"fnMap":{"0":{"name":"(anonymous_12)","decl":{"start":{"line":11,"column":22},"end":{"line":11,"column":29}},"loc":{"start":{"line":11,"column":56},"end":{"line":15,"column":2}}},"1":{"name":"(anonymous_13)","decl":{"start":{"line":11,"column":56},"end":{"line":11,"column":null}},"loc":{"start":{"line":11,"column":56},"end":{"line":15,"column":2}}},"2":{"name":"(anonymous_15)","decl":{"start":{"line":17,"column":21},"end":{"line":17,"column":28}},"loc":{"start":{"line":17,"column":55},"end":{"line":21,"column":2}}},"3":{"name":"(anonymous_16)","decl":{"start":{"line":17,"column":55},"end":{"line":17,"column":null}},"loc":{"start":{"line":17,"column":55},"end":{"line":21,"column":2}}},"4":{"name":"(anonymous_18)","decl":{"start":{"line":23,"column":23},"end":{"line":23,"column":30}},"loc":{"start":{"line":23,"column":57},"end":{"line":27,"column":2}}},"5":{"name":"(anonymous_19)","decl":{"start":{"line":23,"column":57},"end":{"line":23,"column":null}},"loc":{"start":{"line":23,"column":57},"end":{"line":27,"column":2}}},"6":{"name":"(anonymous_21)","decl":{"start":{"line":29,"column":24},"end":{"line":29,"column":31}},"loc":{"start":{"line":29,"column":58},"end":{"line":33,"column":2}}},"7":{"name":"(anonymous_22)","decl":{"start":{"line":29,"column":58},"end":{"line":29,"column":null}},"loc":{"start":{"line":29,"column":58},"end":{"line":33,"column":2}}}},"branchMap":{},"s":{"0":4,"1":2,"2":2,"3":2,"4":0,"5":0,"6":0,"7":2,"8":2,"9":2,"10":4,"11":2,"12":0,"13":0,"14":0,"15":2,"16":0,"17":0,"18":0,"19":2},"f":{"0":0,"1":0,"2":2,"3":2,"4":0,"5":0,"6":0,"7":0},"b":{}}
}
