TN:
SF:swagger.js
FNF:0
FNH:0
DA:1,2
LF:1
LH:1
BRF:0
BRH:0
end_of_record
TN:
SF:src/index.ts
FN:19,(anonymous_0)
FNF:1
FNH:1
FNDA:2,(anonymous_0)
DA:1,2
DA:3,2
DA:4,2
DA:5,2
DA:6,2
DA:8,2
DA:10,2
DA:12,2
DA:13,2
DA:14,2
DA:15,2
DA:17,2
DA:19,2
DA:20,2
DA:23,2
LF:15
LH:15
BRDA:8,0,0,2
BRDA:8,0,1,2
BRF:2
BRH:2
end_of_record
TN:
SF:src/controllers/userController.ts
FN:4,(anonymous_14)
FN:5,(anonymous_16)
FN:7,(anonymous_19)
FN:7,(anonymous_20)
FN:14,(anonymous_22)
FN:19,(anonymous_23)
FN:21,(anonymous_24)
FN:24,(anonymous_27)
FN:24,(anonymous_28)
FN:41,(anonymous_30)
FN:43,(anonymous_31)
FN:45,(anonymous_34)
FN:45,(anonymous_35)
FN:54,(anonymous_37)
FN:60,(anonymous_38)
FN:62,(anonymous_39)
FN:65,(anonymous_42)
FN:65,(anonymous_43)
FN:87,(anonymous_45)
FNF:19
FNH:4
FNDA:4,(anonymous_14)
FNDA:0,(anonymous_16)
FNDA:0,(anonymous_19)
FNDA:0,(anonymous_20)
FNDA:0,(anonymous_22)
FNDA:0,(anonymous_23)
FNDA:2,(anonymous_24)
FNDA:2,(anonymous_27)
FNDA:2,(anonymous_28)
FNDA:0,(anonymous_30)
FNDA:0,(anonymous_31)
FNDA:0,(anonymous_34)
FNDA:0,(anonymous_35)
FNDA:0,(anonymous_37)
FNDA:0,(anonymous_38)
FNDA:0,(anonymous_39)
FNDA:0,(anonymous_42)
FNDA:0,(anonymous_43)
FNDA:0,(anonymous_45)
DA:1,2
DA:2,2
DA:4,2
DA:5,2
DA:6,0
DA:7,0
DA:8,0
DA:9,0
DA:10,0
DA:11,0
DA:12,0
DA:13,0
DA:14,0
DA:15,0
DA:16,0
DA:19,0
DA:21,2
DA:22,2
DA:23,2
DA:24,2
DA:25,2
DA:26,0
DA:32,2
DA:33,0
DA:38,2
DA:39,2
DA:40,2
DA:41,0
DA:43,2
DA:44,0
DA:45,0
DA:46,0
DA:48,0
DA:49,0
DA:50,0
DA:51,0
DA:52,0
DA:54,0
DA:55,0
DA:56,0
DA:60,0
DA:62,2
DA:63,0
DA:64,0
DA:65,0
DA:66,0
DA:67,0
DA:73,0
DA:74,0
DA:80,0
DA:81,0
DA:82,0
DA:83,0
DA:84,0
DA:87,0
DA:89,2
LF:56
LH:16
BRDA:15,0,0,0
BRDA:25,1,0,0
BRDA:25,2,0,2
BRDA:25,2,1,0
BRDA:32,3,0,0
BRDA:32,4,0,2
BRDA:32,4,1,0
BRDA:55,5,0,0
BRDA:66,6,0,0
BRDA:66,7,0,0
BRDA:66,7,1,0
BRDA:73,8,0,0
BRDA:73,9,0,0
BRDA:73,9,1,0
BRDA:83,10,0,0
BRF:15
BRH:2
end_of_record
TN:
SF:src/entity/User.ts
FN:4,(anonymous_2)
FNF:1
FNH:1
FNDA:4,(anonymous_2)
DA:1,2
DA:4,2
DA:7,2
DA:10,2
DA:13,2
DA:16,2
DA:19,2
DA:21,2
LF:8
LH:8
BRF:0
BRH:0
end_of_record
TN:
SF:src/migration/1642578299397-User.ts
FN:4,(anonymous_12)
FN:6,(anonymous_14)
FN:40,(anonymous_17)
FNF:3
FNH:1
FNDA:4,(anonymous_12)
FNDA:0,(anonymous_14)
FNDA:0,(anonymous_17)
DA:3,2
DA:4,2
DA:6,2
DA:7,0
DA:40,2
DA:43,2
LF:6
LH:5
BRDA:7,0,0,0
BRF:1
BRH:0
end_of_record
TN:
SF:src/routes/index.ts
FN:11,(anonymous_12)
FN:11,(anonymous_13)
FN:17,(anonymous_15)
FN:17,(anonymous_16)
FN:23,(anonymous_18)
FN:23,(anonymous_19)
FN:29,(anonymous_21)
FN:29,(anonymous_22)
FNF:8
FNH:2
FNDA:0,(anonymous_12)
FNDA:0,(anonymous_13)
FNDA:2,(anonymous_15)
FNDA:2,(anonymous_16)
FNDA:0,(anonymous_18)
FNDA:0,(anonymous_19)
FNDA:0,(anonymous_21)
FNDA:0,(anonymous_22)
DA:2,4
DA:4,2
DA:9,2
DA:11,2
DA:13,0
DA:14,0
DA:17,2
DA:19,2
DA:20,4
DA:23,2
DA:25,0
DA:26,0
DA:29,2
DA:31,0
DA:32,0
DA:35,2
LF:16
LH:10
BRF:0
BRH:0
end_of_record
